Vivado Simulator v2021.2
Copyright 1986-1999, 2001-2021 Xilinx, Inc. All Rights Reserved.
Running: /tools/Xilinx/Vivado/2021.2/bin/unwrapped/lnx64.o/xelab --incr --debug typical --relax --mt 8 --maxdelay -L xil_defaultlib -L simprims_ver -L secureip --snapshot testbench_time_synth -transport_int_delays -pulse_r 0 -pulse_int_r 0 -pulse_e 0 -pulse_int_e 0 xil_defaultlib.testbench xil_defaultlib.glbl -log elaborate.log 
Using 8 slave threads.
Starting static elaboration
Pass Through NonSizing Optimizer
Completed static elaboration
Starting simulation data flow analysis
Completed simulation data flow analysis
INFO: [XSIM 43-3451] SDF backannotation process started with SDF file "testbench_time_synth.sdf", for root module "testbench/tp".
INFO: [XSIM 43-3452] SDF backannotation was successful for SDF file "testbench_time_synth.sdf", for root module "testbench/tp".
Time Resolution for simulation is 1ps
Compiling module simprims_ver.OBUF
Compiling module simprims_ver.IBUF
Compiling module simprims_ver.BUFG
Compiling module simprims_ver.CARRY4
Compiling module simprims_ver.x_lut1_mux2
Compiling module simprims_ver.LUT1
Compiling module xil_defaultlib.Adder
Compiling module xil_defaultlib.Adder_0
Compiling module simprims_ver.x_lut2_mux4
Compiling module simprims_ver.LUT2
Compiling module xil_defaultlib.ALU
Compiling module simprims_ver.GND
Compiling module simprims_ver.x_lut3_mux8
Compiling module simprims_ver.LUT3
Compiling module simprims_ver.FDRE_default
Compiling module simprims_ver.RAMD64E
Compiling module simprims_ver.MUXF7
Compiling module xil_defaultlib.RAM128X1D_UNIQ_BASE_
Compiling module xil_defaultlib.RAM128X1D_HD95
Compiling module xil_defaultlib.RAM128X1D_HD96
Compiling module xil_defaultlib.RAM128X1D_HD97
Compiling module xil_defaultlib.RAM128X1D_HD98
Compiling module xil_defaultlib.RAM128X1D_HD99
Compiling module xil_defaultlib.RAM128X1D_HD100
Compiling module xil_defaultlib.RAM128X1D_HD101
Compiling module xil_defaultlib.RAM128X1D_HD102
Compiling module xil_defaultlib.RAM128X1D_HD103
Compiling module xil_defaultlib.RAM128X1D_HD104
Compiling module xil_defaultlib.RAM128X1D_HD105
Compiling module xil_defaultlib.RAM128X1D_HD106
Compiling module xil_defaultlib.RAM128X1D_HD107
Compiling module xil_defaultlib.RAM128X1D_HD108
Compiling module xil_defaultlib.RAM128X1D_HD109
Compiling module xil_defaultlib.RAM128X1D_HD110
Compiling module xil_defaultlib.RAM128X1D_HD111
Compiling module xil_defaultlib.RAM128X1D_HD112
Compiling module xil_defaultlib.RAM128X1D_HD113
Compiling module xil_defaultlib.RAM128X1D_HD114
Compiling module xil_defaultlib.RAM128X1D_HD115
Compiling module xil_defaultlib.RAM128X1D_HD116
Compiling module xil_defaultlib.RAM128X1D_HD117
Compiling module xil_defaultlib.RAM128X1D_HD118
Compiling module xil_defaultlib.RAM128X1D_HD119
Compiling module xil_defaultlib.RAM128X1D_HD120
Compiling module xil_defaultlib.RAM128X1D_HD121
Compiling module xil_defaultlib.RAM128X1D_HD122
Compiling module xil_defaultlib.RAM128X1D_HD123
Compiling module xil_defaultlib.RAM128X1D_HD124
Compiling module xil_defaultlib.RAM128X1D_HD125
Compiling module xil_defaultlib.RAM128X1D_HD126
Compiling module xil_defaultlib.RAM128X1D_HD127
Compiling module xil_defaultlib.RAM128X1D_HD128
Compiling module xil_defaultlib.RAM128X1D_HD129
Compiling module xil_defaultlib.RAM128X1D_HD130
Compiling module xil_defaultlib.RAM128X1D_HD131
Compiling module xil_defaultlib.RAM128X1D_HD132
Compiling module xil_defaultlib.RAM128X1D_HD133
Compiling module xil_defaultlib.RAM128X1D_HD134
Compiling module xil_defaultlib.RAM128X1D_HD135
Compiling module xil_defaultlib.RAM128X1D_HD136
Compiling module xil_defaultlib.RAM128X1D_HD137
Compiling module xil_defaultlib.RAM128X1D_HD138
Compiling module xil_defaultlib.RAM128X1D_HD139
Compiling module xil_defaultlib.RAM128X1D_HD140
Compiling module xil_defaultlib.RAM128X1D_HD141
Compiling module xil_defaultlib.RAM128X1D_HD142
Compiling module xil_defaultlib.RAM128X1D_HD143
Compiling module xil_defaultlib.RAM128X1D_HD144
Compiling module xil_defaultlib.RAM128X1D_HD145
Compiling module xil_defaultlib.RAM128X1D_HD146
Compiling module xil_defaultlib.RAM128X1D_HD147
Compiling module xil_defaultlib.RAM128X1D_HD148
Compiling module xil_defaultlib.RAM128X1D_HD149
Compiling module xil_defaultlib.RAM128X1D_HD150
Compiling module xil_defaultlib.RAM128X1D_HD151
Compiling module xil_defaultlib.RAM128X1D_HD152
Compiling module xil_defaultlib.RAM128X1D_HD153
Compiling module xil_defaultlib.RAM128X1D_HD154
Compiling module xil_defaultlib.RAM128X1D_HD155
Compiling module xil_defaultlib.RAM128X1D_HD156
Compiling module xil_defaultlib.RAM128X1D_HD157
Compiling module xil_defaultlib.dist_mem_data
Compiling module xil_defaultlib.Data_Memory
Compiling module simprims_ver.FDCE_default
Compiling module simprims_ver.LUT6
Compiling module simprims_ver.LUT5
Compiling module simprims_ver.LUT4
Compiling module xil_defaultlib.EX_MEM
Compiling module simprims_ver.MUXF8
Compiling module xil_defaultlib.ID_EX
Compiling module simprims_ver.FDPE_default
Compiling module xil_defaultlib.IF_ID
Compiling module simprims_ver.RAMS64E
Compiling module xil_defaultlib.RAM256X1S_UNIQ_BASE_
Compiling module xil_defaultlib.RAM256X1S_HD158
Compiling module xil_defaultlib.RAM256X1S_HD159
Compiling module xil_defaultlib.RAM256X1S_HD160
Compiling module xil_defaultlib.RAM256X1S_HD161
Compiling module xil_defaultlib.RAM256X1S_HD162
Compiling module xil_defaultlib.RAM256X1S_HD163
Compiling module xil_defaultlib.RAM256X1S_HD164
Compiling module xil_defaultlib.RAM256X1S_HD165
Compiling module xil_defaultlib.RAM256X1S_HD166
Compiling module xil_defaultlib.RAM256X1S_HD167
Compiling module xil_defaultlib.RAM256X1S_HD168
Compiling module xil_defaultlib.RAM256X1S_HD169
Compiling module xil_defaultlib.RAM256X1S_HD170
Compiling module xil_defaultlib.RAM256X1S_HD171
Compiling module xil_defaultlib.RAM256X1S_HD172
Compiling module xil_defaultlib.RAM256X1S_HD173
Compiling module xil_defaultlib.RAM256X1S_HD174
Compiling module xil_defaultlib.RAM256X1S_HD175
Compiling module xil_defaultlib.RAM256X1S_HD176
Compiling module xil_defaultlib.RAM256X1S_HD177
Compiling module xil_defaultlib.RAM256X1S_HD178
Compiling module xil_defaultlib.RAM256X1S_HD179
Compiling module xil_defaultlib.RAM256X1S_HD180
Compiling module xil_defaultlib.RAM256X1S_HD181
Compiling module xil_defaultlib.RAM256X1S_HD182
Compiling module xil_defaultlib.RAM256X1S_HD183
Compiling module xil_defaultlib.RAM256X1S_HD184
Compiling module xil_defaultlib.RAM256X1S_HD185
Compiling module xil_defaultlib.RAM256X1S_HD186
Compiling module xil_defaultlib.RAM256X1S_HD187
Compiling module xil_defaultlib.RAM256X1S_HD188
Compiling module xil_defaultlib.dist_mem_inst
Compiling module xil_defaultlib.Inst_Memory
Compiling module xil_defaultlib.MEM_WB
Compiling module xil_defaultlib.Predict
Compiling module xil_defaultlib.Registers
Compiling module xil_defaultlib.CPU
Compiling module xil_defaultlib.PDU
Compiling module xil_defaultlib.Top
Compiling module xil_defaultlib.testbench
Compiling module xil_defaultlib.glbl
Built simulation snapshot testbench_time_synth
