INFO: [VRFC 10-2263] Analyzing Verilog file "/home/bill/Source/Vivado_Projects/Principle_Of_Computer_Composition/lab5/Pipeline_CPU/Pipeline_CPU.sim/sim_1/synth/timing/xsim/testbench_time_synth.v" into library xil_defaultlib
INFO: [VRFC 10-311] analyzing module RAM128X1D_UNIQ_BASE_
INFO: [VRFC 10-311] analyzing module RAM128X1D_HD100
INFO: [VRFC 10-311] analyzing module RAM128X1D_HD101
INFO: [VRFC 10-311] analyzing module RAM128X1D_HD102
INFO: [VRFC 10-311] analyzing module RAM128X1D_HD103
INFO: [VRFC 10-311] analyzing module RAM128X1D_HD104
INFO: [VRFC 10-311] analyzing module RAM128X1D_HD105
INFO: [VRFC 10-311] analyzing module RAM128X1D_HD106
INFO: [VRFC 10-311] analyzing module RAM128X1D_HD107
INFO: [VRFC 10-311] analyzing module RAM128X1D_HD108
INFO: [VRFC 10-311] analyzing module RAM128X1D_HD109
INFO: [VRFC 10-311] analyzing module RAM128X1D_HD110
INFO: [VRFC 10-311] analyzing module RAM128X1D_HD111
INFO: [VRFC 10-311] analyzing module RAM128X1D_HD112
INFO: [VRFC 10-311] analyzing module RAM128X1D_HD113
INFO: [VRFC 10-311] analyzing module RAM128X1D_HD114
INFO: [VRFC 10-311] analyzing module RAM128X1D_HD115
INFO: [VRFC 10-311] analyzing module RAM128X1D_HD116
INFO: [VRFC 10-311] analyzing module RAM128X1D_HD117
INFO: [VRFC 10-311] analyzing module RAM128X1D_HD118
INFO: [VRFC 10-311] analyzing module RAM128X1D_HD119
INFO: [VRFC 10-311] analyzing module RAM128X1D_HD120
INFO: [VRFC 10-311] analyzing module RAM128X1D_HD121
INFO: [VRFC 10-311] analyzing module RAM128X1D_HD122
INFO: [VRFC 10-311] analyzing module RAM128X1D_HD123
INFO: [VRFC 10-311] analyzing module RAM128X1D_HD124
INFO: [VRFC 10-311] analyzing module RAM128X1D_HD125
INFO: [VRFC 10-311] analyzing module RAM128X1D_HD126
INFO: [VRFC 10-311] analyzing module RAM128X1D_HD127
INFO: [VRFC 10-311] analyzing module RAM128X1D_HD128
INFO: [VRFC 10-311] analyzing module RAM128X1D_HD129
INFO: [VRFC 10-311] analyzing module RAM128X1D_HD130
INFO: [VRFC 10-311] analyzing module RAM128X1D_HD131
INFO: [VRFC 10-311] analyzing module RAM128X1D_HD132
INFO: [VRFC 10-311] analyzing module RAM128X1D_HD133
INFO: [VRFC 10-311] analyzing module RAM128X1D_HD134
INFO: [VRFC 10-311] analyzing module RAM128X1D_HD135
INFO: [VRFC 10-311] analyzing module RAM128X1D_HD136
INFO: [VRFC 10-311] analyzing module RAM128X1D_HD137
INFO: [VRFC 10-311] analyzing module RAM128X1D_HD138
INFO: [VRFC 10-311] analyzing module RAM128X1D_HD139
INFO: [VRFC 10-311] analyzing module RAM128X1D_HD140
INFO: [VRFC 10-311] analyzing module RAM128X1D_HD141
INFO: [VRFC 10-311] analyzing module RAM128X1D_HD142
INFO: [VRFC 10-311] analyzing module RAM128X1D_HD143
INFO: [VRFC 10-311] analyzing module RAM128X1D_HD144
INFO: [VRFC 10-311] analyzing module RAM128X1D_HD145
INFO: [VRFC 10-311] analyzing module RAM128X1D_HD146
INFO: [VRFC 10-311] analyzing module RAM128X1D_HD147
INFO: [VRFC 10-311] analyzing module RAM128X1D_HD148
INFO: [VRFC 10-311] analyzing module RAM128X1D_HD149
INFO: [VRFC 10-311] analyzing module RAM128X1D_HD150
INFO: [VRFC 10-311] analyzing module RAM128X1D_HD151
INFO: [VRFC 10-311] analyzing module RAM128X1D_HD152
INFO: [VRFC 10-311] analyzing module RAM128X1D_HD153
INFO: [VRFC 10-311] analyzing module RAM128X1D_HD154
INFO: [VRFC 10-311] analyzing module RAM128X1D_HD155
INFO: [VRFC 10-311] analyzing module RAM128X1D_HD156
INFO: [VRFC 10-311] analyzing module RAM128X1D_HD157
INFO: [VRFC 10-311] analyzing module RAM128X1D_HD95
INFO: [VRFC 10-311] analyzing module RAM128X1D_HD96
INFO: [VRFC 10-311] analyzing module RAM128X1D_HD97
INFO: [VRFC 10-311] analyzing module RAM128X1D_HD98
INFO: [VRFC 10-311] analyzing module RAM128X1D_HD99
INFO: [VRFC 10-311] analyzing module RAM256X1S_UNIQ_BASE_
INFO: [VRFC 10-311] analyzing module RAM256X1S_HD158
INFO: [VRFC 10-311] analyzing module RAM256X1S_HD159
INFO: [VRFC 10-311] analyzing module RAM256X1S_HD160
INFO: [VRFC 10-311] analyzing module RAM256X1S_HD161
INFO: [VRFC 10-311] analyzing module RAM256X1S_HD162
INFO: [VRFC 10-311] analyzing module RAM256X1S_HD163
INFO: [VRFC 10-311] analyzing module RAM256X1S_HD164
INFO: [VRFC 10-311] analyzing module RAM256X1S_HD165
INFO: [VRFC 10-311] analyzing module RAM256X1S_HD166
INFO: [VRFC 10-311] analyzing module RAM256X1S_HD167
INFO: [VRFC 10-311] analyzing module RAM256X1S_HD168
INFO: [VRFC 10-311] analyzing module RAM256X1S_HD169
INFO: [VRFC 10-311] analyzing module RAM256X1S_HD170
INFO: [VRFC 10-311] analyzing module RAM256X1S_HD171
INFO: [VRFC 10-311] analyzing module RAM256X1S_HD172
INFO: [VRFC 10-311] analyzing module RAM256X1S_HD173
INFO: [VRFC 10-311] analyzing module RAM256X1S_HD174
INFO: [VRFC 10-311] analyzing module RAM256X1S_HD175
INFO: [VRFC 10-311] analyzing module RAM256X1S_HD176
INFO: [VRFC 10-311] analyzing module RAM256X1S_HD177
INFO: [VRFC 10-311] analyzing module RAM256X1S_HD178
INFO: [VRFC 10-311] analyzing module RAM256X1S_HD179
INFO: [VRFC 10-311] analyzing module RAM256X1S_HD180
INFO: [VRFC 10-311] analyzing module RAM256X1S_HD181
INFO: [VRFC 10-311] analyzing module RAM256X1S_HD182
INFO: [VRFC 10-311] analyzing module RAM256X1S_HD183
INFO: [VRFC 10-311] analyzing module RAM256X1S_HD184
INFO: [VRFC 10-311] analyzing module RAM256X1S_HD185
INFO: [VRFC 10-311] analyzing module RAM256X1S_HD186
INFO: [VRFC 10-311] analyzing module RAM256X1S_HD187
INFO: [VRFC 10-311] analyzing module RAM256X1S_HD188
INFO: [VRFC 10-311] analyzing module ALU
INFO: [VRFC 10-311] analyzing module Adder
INFO: [VRFC 10-311] analyzing module Adder_0
INFO: [VRFC 10-311] analyzing module CPU
INFO: [VRFC 10-311] analyzing module Data_Memory
INFO: [VRFC 10-311] analyzing module EX_MEM
INFO: [VRFC 10-311] analyzing module ID_EX
INFO: [VRFC 10-311] analyzing module IF_ID
INFO: [VRFC 10-311] analyzing module Inst_Memory
INFO: [VRFC 10-311] analyzing module MEM_WB
INFO: [VRFC 10-311] analyzing module PDU
INFO: [VRFC 10-311] analyzing module Predict
INFO: [VRFC 10-311] analyzing module Registers
INFO: [VRFC 10-311] analyzing module Top
INFO: [VRFC 10-311] analyzing module dist_mem_data
INFO: [VRFC 10-311] analyzing module dist_mem_inst
INFO: [VRFC 10-311] analyzing module dist_mem_data_dist_mem_gen_v8_0_13
INFO: [VRFC 10-311] analyzing module dist_mem_data_dist_mem_gen_v8_0_13_synth
INFO: [VRFC 10-311] analyzing module dist_mem_data_dpram
INFO: [VRFC 10-311] analyzing module dist_mem_inst_dist_mem_gen_v8_0_13
INFO: [VRFC 10-311] analyzing module dist_mem_inst_dist_mem_gen_v8_0_13_synth
INFO: [VRFC 10-311] analyzing module dist_mem_inst_spram
INFO: [VRFC 10-311] analyzing module glbl
INFO: [VRFC 10-2263] Analyzing Verilog file "/home/bill/Source/Vivado_Projects/Principle_Of_Computer_Composition/lab5/Pipeline_CPU/Pipeline_CPU.srcs/sim_1/new/testbench.v" into library xil_defaultlib
INFO: [VRFC 10-311] analyzing module testbench
