INFO: [VRFC 10-2263] Analyzing Verilog file "/home/bill/Source/Vivado_Projects/Principle_Of_Computer_Composition/lab5/Pipeline_CPU/Pipeline_CPU.sim/sim_1/impl/timing/xsim/testbench_time_impl.v" into library xil_defaultlib
INFO: [VRFC 10-311] analyzing module RAM128X1D_UNIQ_BASE_
INFO: [VRFC 10-311] analyzing module RAM128X1D_HD472
INFO: [VRFC 10-311] analyzing module RAM128X1D_HD473
INFO: [VRFC 10-311] analyzing module RAM128X1D_HD474
INFO: [VRFC 10-311] analyzing module RAM128X1D_HD475
INFO: [VRFC 10-311] analyzing module RAM128X1D_HD476
INFO: [VRFC 10-311] analyzing module RAM128X1D_HD477
INFO: [VRFC 10-311] analyzing module RAM128X1D_HD478
INFO: [VRFC 10-311] analyzing module RAM128X1D_HD479
INFO: [VRFC 10-311] analyzing module RAM128X1D_HD480
INFO: [VRFC 10-311] analyzing module RAM128X1D_HD481
INFO: [VRFC 10-311] analyzing module RAM128X1D_HD482
INFO: [VRFC 10-311] analyzing module RAM128X1D_HD483
INFO: [VRFC 10-311] analyzing module RAM128X1D_HD484
INFO: [VRFC 10-311] analyzing module RAM128X1D_HD485
INFO: [VRFC 10-311] analyzing module RAM128X1D_HD486
INFO: [VRFC 10-311] analyzing module RAM128X1D_HD487
INFO: [VRFC 10-311] analyzing module RAM128X1D_HD488
INFO: [VRFC 10-311] analyzing module RAM128X1D_HD489
INFO: [VRFC 10-311] analyzing module RAM128X1D_HD490
INFO: [VRFC 10-311] analyzing module RAM128X1D_HD491
INFO: [VRFC 10-311] analyzing module RAM128X1D_HD492
INFO: [VRFC 10-311] analyzing module RAM128X1D_HD493
INFO: [VRFC 10-311] analyzing module RAM128X1D_HD494
INFO: [VRFC 10-311] analyzing module RAM128X1D_HD495
INFO: [VRFC 10-311] analyzing module RAM128X1D_HD496
INFO: [VRFC 10-311] analyzing module RAM128X1D_HD497
INFO: [VRFC 10-311] analyzing module RAM128X1D_HD498
INFO: [VRFC 10-311] analyzing module RAM128X1D_HD499
INFO: [VRFC 10-311] analyzing module RAM128X1D_HD500
INFO: [VRFC 10-311] analyzing module RAM128X1D_HD501
INFO: [VRFC 10-311] analyzing module RAM128X1D_HD502
INFO: [VRFC 10-311] analyzing module RAM128X1D_HD503
INFO: [VRFC 10-311] analyzing module RAM128X1D_HD504
INFO: [VRFC 10-311] analyzing module RAM128X1D_HD505
INFO: [VRFC 10-311] analyzing module RAM128X1D_HD506
INFO: [VRFC 10-311] analyzing module RAM128X1D_HD507
INFO: [VRFC 10-311] analyzing module RAM128X1D_HD508
INFO: [VRFC 10-311] analyzing module RAM128X1D_HD509
INFO: [VRFC 10-311] analyzing module RAM128X1D_HD510
INFO: [VRFC 10-311] analyzing module RAM128X1D_HD511
INFO: [VRFC 10-311] analyzing module RAM128X1D_HD512
INFO: [VRFC 10-311] analyzing module RAM128X1D_HD513
INFO: [VRFC 10-311] analyzing module RAM128X1D_HD514
INFO: [VRFC 10-311] analyzing module RAM128X1D_HD515
INFO: [VRFC 10-311] analyzing module RAM128X1D_HD516
INFO: [VRFC 10-311] analyzing module RAM128X1D_HD517
INFO: [VRFC 10-311] analyzing module RAM128X1D_HD518
INFO: [VRFC 10-311] analyzing module RAM128X1D_HD519
INFO: [VRFC 10-311] analyzing module RAM128X1D_HD520
INFO: [VRFC 10-311] analyzing module RAM128X1D_HD521
INFO: [VRFC 10-311] analyzing module RAM128X1D_HD522
INFO: [VRFC 10-311] analyzing module RAM128X1D_HD523
INFO: [VRFC 10-311] analyzing module RAM128X1D_HD524
INFO: [VRFC 10-311] analyzing module RAM128X1D_HD525
INFO: [VRFC 10-311] analyzing module RAM128X1D_HD526
INFO: [VRFC 10-311] analyzing module RAM128X1D_HD527
INFO: [VRFC 10-311] analyzing module RAM128X1D_HD528
INFO: [VRFC 10-311] analyzing module RAM128X1D_HD529
INFO: [VRFC 10-311] analyzing module RAM128X1D_HD530
INFO: [VRFC 10-311] analyzing module RAM128X1D_HD531
INFO: [VRFC 10-311] analyzing module RAM128X1D_HD532
INFO: [VRFC 10-311] analyzing module RAM128X1D_HD533
INFO: [VRFC 10-311] analyzing module RAM128X1D_HD534
INFO: [VRFC 10-311] analyzing module RAM256X1S_UNIQ_BASE_
INFO: [VRFC 10-311] analyzing module RAM256X1S_HD535
INFO: [VRFC 10-311] analyzing module RAM256X1S_HD536
INFO: [VRFC 10-311] analyzing module RAM256X1S_HD537
INFO: [VRFC 10-311] analyzing module RAM256X1S_HD538
INFO: [VRFC 10-311] analyzing module RAM256X1S_HD539
INFO: [VRFC 10-311] analyzing module RAM256X1S_HD540
INFO: [VRFC 10-311] analyzing module RAM256X1S_HD541
INFO: [VRFC 10-311] analyzing module RAM256X1S_HD542
INFO: [VRFC 10-311] analyzing module RAM256X1S_HD543
INFO: [VRFC 10-311] analyzing module RAM256X1S_HD544
INFO: [VRFC 10-311] analyzing module RAM256X1S_HD545
INFO: [VRFC 10-311] analyzing module RAM256X1S_HD546
INFO: [VRFC 10-311] analyzing module RAM256X1S_HD547
INFO: [VRFC 10-311] analyzing module RAM256X1S_HD548
INFO: [VRFC 10-311] analyzing module RAM256X1S_HD549
INFO: [VRFC 10-311] analyzing module RAM256X1S_HD550
INFO: [VRFC 10-311] analyzing module RAM256X1S_HD551
INFO: [VRFC 10-311] analyzing module RAM256X1S_HD552
INFO: [VRFC 10-311] analyzing module RAM256X1S_HD553
INFO: [VRFC 10-311] analyzing module RAM256X1S_HD554
INFO: [VRFC 10-311] analyzing module RAM256X1S_HD555
INFO: [VRFC 10-311] analyzing module RAM256X1S_HD556
INFO: [VRFC 10-311] analyzing module RAM256X1S_HD557
INFO: [VRFC 10-311] analyzing module RAM256X1S_HD558
INFO: [VRFC 10-311] analyzing module RAM256X1S_HD559
INFO: [VRFC 10-311] analyzing module RAM256X1S_HD560
INFO: [VRFC 10-311] analyzing module RAM256X1S_HD561
INFO: [VRFC 10-311] analyzing module RAM256X1S_HD562
INFO: [VRFC 10-311] analyzing module RAM256X1S_HD563
INFO: [VRFC 10-311] analyzing module RAM256X1S_HD564
INFO: [VRFC 10-311] analyzing module RAM256X1S_HD565
INFO: [VRFC 10-311] analyzing module ALU
INFO: [VRFC 10-311] analyzing module Adder
INFO: [VRFC 10-311] analyzing module Adder_0
INFO: [VRFC 10-311] analyzing module CPU
INFO: [VRFC 10-311] analyzing module Data_Memory
INFO: [VRFC 10-311] analyzing module EX_MEM
INFO: [VRFC 10-311] analyzing module ID_EX
INFO: [VRFC 10-311] analyzing module IF_ID
INFO: [VRFC 10-311] analyzing module Inst_Memory
INFO: [VRFC 10-311] analyzing module MEM_WB
INFO: [VRFC 10-311] analyzing module PDU
INFO: [VRFC 10-311] analyzing module Predict
INFO: [VRFC 10-311] analyzing module Registers
INFO: [VRFC 10-311] analyzing module Top
INFO: [VRFC 10-311] analyzing module dist_mem_data
INFO: [VRFC 10-311] analyzing module dist_mem_inst
INFO: [VRFC 10-311] analyzing module dist_mem_data_dist_mem_gen_v8_0_13
INFO: [VRFC 10-311] analyzing module dist_mem_data_dist_mem_gen_v8_0_13_synth
INFO: [VRFC 10-311] analyzing module dist_mem_data_dpram
INFO: [VRFC 10-311] analyzing module dist_mem_inst_dist_mem_gen_v8_0_13
INFO: [VRFC 10-311] analyzing module dist_mem_inst_dist_mem_gen_v8_0_13_synth
INFO: [VRFC 10-311] analyzing module dist_mem_inst_spram
INFO: [VRFC 10-311] analyzing module glbl
INFO: [VRFC 10-2263] Analyzing Verilog file "/home/bill/Source/Vivado_Projects/Principle_Of_Computer_Composition/lab5/Pipeline_CPU/Pipeline_CPU.srcs/sim_1/new/testbench.v" into library xil_defaultlib
INFO: [VRFC 10-311] analyzing module testbench
